This is pdfTeX, Version 3.14159265-2.6-1.40.15 (TeX Live 2014) (preloaded format=pdflatex 2014.5.25)  1 SEP 2014 11:41
entering extended mode
 restricted \write18 enabled.
 %&-line parsing enabled.
**upenn_team_description2014.tex
(./upenn_team_description2014.tex
LaTeX2e <2014/05/01>
Babel <3.9k> and hyphenation patterns for 78 languages loaded.
(/usr/local/texlive/2014/texmf-dist/tex/latex/base/article.cls
Document Class: article 2007/10/19 v1.4h Standard LaTeX document class
(/usr/local/texlive/2014/texmf-dist/tex/latex/base/size10.clo
File: size10.clo 2007/10/19 v1.4h Standard LaTeX file (size option)
)
\c@part=\count79
\c@section=\count80
\c@subsection=\count81
\c@subsubsection=\count82
\c@paragraph=\count83
\c@subparagraph=\count84
\c@figure=\count85
\c@table=\count86
\abovecaptionskip=\skip41
\belowcaptionskip=\skip42
\bibindent=\dimen102
)
(/usr/local/texlive/2014/texmf-dist/tex/latex/graphics/graphicx.sty
Package: graphicx 2014/04/25 v1.0g Enhanced LaTeX Graphics (DPC,SPQR)

(/usr/local/texlive/2014/texmf-dist/tex/latex/graphics/keyval.sty
Package: keyval 2014/05/08 v1.15 key=value parser (DPC)
\KV@toks@=\toks14
)
(/usr/local/texlive/2014/texmf-dist/tex/latex/graphics/graphics.sty
Package: graphics 2009/02/05 v1.0o Standard LaTeX Graphics (DPC,SPQR)

(/usr/local/texlive/2014/texmf-dist/tex/latex/graphics/trig.sty
Package: trig 1999/03/16 v1.09 sin cos tan (DPC)
)
(/usr/local/texlive/2014/texmf-dist/tex/latex/latexconfig/graphics.cfg
File: graphics.cfg 2010/04/23 v1.9 graphics configuration of TeX Live
)
Package graphics Info: Driver file: pdftex.def on input line 91.

(/usr/local/texlive/2014/texmf-dist/tex/latex/pdftex-def/pdftex.def
File: pdftex.def 2011/05/27 v0.06d Graphics/color for pdfTeX

(/usr/local/texlive/2014/texmf-dist/tex/generic/oberdiek/infwarerr.sty
Package: infwarerr 2010/04/08 v1.3 Providing info/warning/error messages (HO)
)
(/usr/local/texlive/2014/texmf-dist/tex/generic/oberdiek/ltxcmds.sty
Package: ltxcmds 2011/11/09 v1.22 LaTeX kernel commands for general use (HO)
)
\Gread@gobject=\count87
))
\Gin@req@height=\dimen103
\Gin@req@width=\dimen104
)
(/usr/local/texlive/2014/texmf-dist/tex/latex/preprint/authblk.sty
Package: authblk 2001/02/27 1.3 (PWD)
\affilsep=\skip43
\@affilsep=\skip44
\c@Maxaffil=\count88
\c@authors=\count89
\c@affil=\count90
)
(/usr/local/texlive/2014/texmf-dist/tex/latex/float/float.sty
Package: float 2001/11/08 v1.3d Float enhancements (AL)
\c@float@type=\count91
\float@exts=\toks15
\float@box=\box26
\@float@everytoks=\toks16
\@floatcapt=\box27
)
(/usr/local/texlive/2014/texmf-dist/tex/latex/subfigure/subfigure.sty
Package: subfigure 2002/03/15 v2.1.5 subfigure package
\subfigtopskip=\skip45
\subfigcapskip=\skip46
\subfigcaptopadj=\dimen105
\subfigbottomskip=\skip47
\subfigcapmargin=\dimen106
\subfiglabelskip=\skip48
\c@subfigure=\count92
\c@lofdepth=\count93
\c@subtable=\count94
\c@lotdepth=\count95

****************************************
* Local config file subfigure.cfg used *
****************************************
(/usr/local/texlive/2014/texmf-dist/tex/latex/subfigure/subfigure.cfg)
\subfig@top=\skip49
\subfig@bottom=\skip50
)
(/usr/local/texlive/2014/texmf-dist/tex/latex/caption/caption.sty
Package: caption 2013/05/02 v3.3-89 Customizing captions (AR)

(/usr/local/texlive/2014/texmf-dist/tex/latex/caption/caption3.sty
Package: caption3 2013/05/02 v1.6-88 caption3 kernel (AR)
Package caption3 Info: TeX engine: e-TeX on input line 57.
\captionmargin=\dimen107
\captionmargin@=\dimen108
\captionwidth=\dimen109
\caption@tempdima=\dimen110
\caption@indent=\dimen111
\caption@parindent=\dimen112
\caption@hangindent=\dimen113
)
\c@ContinuedFloat=\count96
Package caption Info: float package is loaded.
Package caption Info: subfigure package is loaded.
)
(/usr/local/texlive/2014/texmf-dist/tex/latex/tools/multicol.sty
Package: multicol 2014/04/23 v1.8e multicolumn formatting (FMi)
\c@tracingmulticols=\count97
\mult@box=\box28
\multicol@leftmargin=\dimen114
\c@unbalance=\count98
\c@collectmore=\count99
\doublecol@number=\count100
\multicoltolerance=\count101
\multicolpretolerance=\count102
\full@width=\dimen115
\page@free=\dimen116
\premulticols=\dimen117
\postmulticols=\dimen118
\multicolsep=\skip51
\multicolbaselineskip=\skip52
\partial@page=\box29
\last@line=\box30
\maxbalancingoverflow=\dimen119
\mult@rightbox=\box31
\mult@grightbox=\box32
\mult@gfirstbox=\box33
\mult@firstbox=\box34
\@tempa=\box35
\@tempa=\box36
\@tempa=\box37
\@tempa=\box38
\@tempa=\box39
\@tempa=\box40
\@tempa=\box41
\@tempa=\box42
\@tempa=\box43
\@tempa=\box44
\@tempa=\box45
\@tempa=\box46
\@tempa=\box47
\@tempa=\box48
\@tempa=\box49
\@tempa=\box50
\@tempa=\box51
\c@columnbadness=\count103
\c@finalcolumnbadness=\count104
\last@try=\dimen120
\multicolovershoot=\dimen121
\multicolundershoot=\dimen122
\mult@nat@firstbox=\box52
\colbreak@box=\box53
\mc@col@check@num=\count105
)
(/usr/local/texlive/2014/texmf-dist/tex/latex/tools/verbatim.sty
Package: verbatim 2003/08/22 v1.5q LaTeX2e package for verbatim enhancements
\every@verbatim=\toks17
\verbatim@line=\toks18
\verbatim@in@stream=\read1
)
(/usr/local/texlive/2014/texmf-dist/tex/latex/listings/listings.sty
\lst@mode=\count106
\lst@gtempboxa=\box54
\lst@token=\toks19
\lst@length=\count107
\lst@currlwidth=\dimen123
\lst@column=\count108
\lst@pos=\count109
\lst@lostspace=\dimen124
\lst@width=\dimen125
\lst@newlines=\count110
\lst@lineno=\count111
\lst@maxwidth=\dimen126

(/usr/local/texlive/2014/texmf-dist/tex/latex/listings/lstmisc.sty
File: lstmisc.sty 2014/03/04 1.5c (Carsten Heinz)
\c@lstnumber=\count112
\lst@skipnumbers=\count113
\lst@framebox=\box55
)
(/usr/local/texlive/2014/texmf-dist/tex/latex/listings/listings.cfg
File: listings.cfg 2014/03/04 1.5c listings configuration
))
Package: listings 2014/03/04 1.5c (Carsten Heinz)

(/usr/local/texlive/2014/texmf-dist/tex/latex/listings/lstlang1.sty
File: lstlang1.sty 2014/03/04 1.5c listings language file
)
(/usr/local/texlive/2014/texmf-dist/tex/latex/pgf/frontendlayer/tikz.sty
(/usr/local/texlive/2014/texmf-dist/tex/latex/pgf/basiclayer/pgf.sty
(/usr/local/texlive/2014/texmf-dist/tex/latex/pgf/utilities/pgfrcs.sty
(/usr/local/texlive/2014/texmf-dist/tex/generic/pgf/utilities/pgfutil-common.te
x
\pgfutil@everybye=\toks20
\pgfutil@tempdima=\dimen127
\pgfutil@tempdimb=\dimen128

(/usr/local/texlive/2014/texmf-dist/tex/generic/pgf/utilities/pgfutil-common-li
sts.tex))
(/usr/local/texlive/2014/texmf-dist/tex/generic/pgf/utilities/pgfutil-latex.def
\pgfutil@abb=\box56
(/usr/local/texlive/2014/texmf-dist/tex/latex/ms/everyshi.sty
Package: everyshi 2001/05/15 v3.00 EveryShipout Package (MS)
))
(/usr/local/texlive/2014/texmf-dist/tex/generic/pgf/utilities/pgfrcs.code.tex
Package: pgfrcs 2013/12/20 v3.0.0 (rcs-revision 1.28)
))
Package: pgf 2013/12/18 v3.0.0 (rcs-revision 1.14)
(/usr/local/texlive/2014/texmf-dist/tex/latex/pgf/basiclayer/pgfcore.sty
(/usr/local/texlive/2014/texmf-dist/tex/latex/pgf/systemlayer/pgfsys.sty
(/usr/local/texlive/2014/texmf-dist/tex/generic/pgf/systemlayer/pgfsys.code.tex
Package: pgfsys 2013/11/30 v3.0.0 (rcs-revision 1.47)
(/usr/local/texlive/2014/texmf-dist/tex/generic/pgf/utilities/pgfkeys.code.tex
\pgfkeys@pathtoks=\toks21
\pgfkeys@temptoks=\toks22

(/usr/local/texlive/2014/texmf-dist/tex/generic/pgf/utilities/pgfkeysfiltered.c
ode.tex
\pgfkeys@tmptoks=\toks23
))
\pgf@x=\dimen129
\pgf@y=\dimen130
\pgf@xa=\dimen131
\pgf@ya=\dimen132
\pgf@xb=\dimen133
\pgf@yb=\dimen134
\pgf@xc=\dimen135
\pgf@yc=\dimen136
\w@pgf@writea=\write3
\r@pgf@reada=\read2
\c@pgf@counta=\count114
\c@pgf@countb=\count115
\c@pgf@countc=\count116
\c@pgf@countd=\count117
\t@pgf@toka=\toks24
\t@pgf@tokb=\toks25
\t@pgf@tokc=\toks26

(/usr/local/texlive/2014/texmf-dist/tex/generic/pgf/systemlayer/pgf.cfg
File: pgf.cfg 2008/05/14  (rcs-revision 1.7)
)
Driver file for pgf: pgfsys-pdftex.def

(/usr/local/texlive/2014/texmf-dist/tex/generic/pgf/systemlayer/pgfsys-pdftex.d
ef
File: pgfsys-pdftex.def 2013/07/18  (rcs-revision 1.33)

(/usr/local/texlive/2014/texmf-dist/tex/generic/pgf/systemlayer/pgfsys-common-p
df.def
File: pgfsys-common-pdf.def 2013/10/10  (rcs-revision 1.13)
)))
(/usr/local/texlive/2014/texmf-dist/tex/generic/pgf/systemlayer/pgfsyssoftpath.
code.tex
File: pgfsyssoftpath.code.tex 2013/09/09  (rcs-revision 1.9)
\pgfsyssoftpath@smallbuffer@items=\count118
\pgfsyssoftpath@bigbuffer@items=\count119
)
(/usr/local/texlive/2014/texmf-dist/tex/generic/pgf/systemlayer/pgfsysprotocol.
code.tex
File: pgfsysprotocol.code.tex 2006/10/16  (rcs-revision 1.4)
)) (/usr/local/texlive/2014/texmf-dist/tex/latex/xcolor/xcolor.sty
Package: xcolor 2007/01/21 v2.11 LaTeX color extensions (UK)

(/usr/local/texlive/2014/texmf-dist/tex/latex/latexconfig/color.cfg
File: color.cfg 2007/01/18 v1.5 color configuration of teTeX/TeXLive
)
Package xcolor Info: Driver file: pdftex.def on input line 225.
Package xcolor Info: Model `cmy' substituted by `cmy0' on input line 1337.
Package xcolor Info: Model `hsb' substituted by `rgb' on input line 1341.
Package xcolor Info: Model `RGB' extended on input line 1353.
Package xcolor Info: Model `HTML' substituted by `rgb' on input line 1355.
Package xcolor Info: Model `Hsb' substituted by `hsb' on input line 1356.
Package xcolor Info: Model `tHsb' substituted by `hsb' on input line 1357.
Package xcolor Info: Model `HSB' substituted by `hsb' on input line 1358.
Package xcolor Info: Model `Gray' substituted by `gray' on input line 1359.
Package xcolor Info: Model `wave' substituted by `hsb' on input line 1360.
)
(/usr/local/texlive/2014/texmf-dist/tex/generic/pgf/basiclayer/pgfcore.code.tex
Package: pgfcore 2010/04/11 v3.0.0 (rcs-revision 1.7)
(/usr/local/texlive/2014/texmf-dist/tex/generic/pgf/math/pgfmath.code.tex
(/usr/local/texlive/2014/texmf-dist/tex/generic/pgf/math/pgfmathcalc.code.tex
(/usr/local/texlive/2014/texmf-dist/tex/generic/pgf/math/pgfmathutil.code.tex)
(/usr/local/texlive/2014/texmf-dist/tex/generic/pgf/math/pgfmathparser.code.tex
\pgfmath@dimen=\dimen137
\pgfmath@count=\count120
\pgfmath@box=\box57
\pgfmath@toks=\toks27
\pgfmath@stack@operand=\toks28
\pgfmath@stack@operation=\toks29
)
(/usr/local/texlive/2014/texmf-dist/tex/generic/pgf/math/pgfmathfunctions.code.
tex
(/usr/local/texlive/2014/texmf-dist/tex/generic/pgf/math/pgfmathfunctions.basic
.code.tex)
(/usr/local/texlive/2014/texmf-dist/tex/generic/pgf/math/pgfmathfunctions.trigo
nometric.code.tex)
(/usr/local/texlive/2014/texmf-dist/tex/generic/pgf/math/pgfmathfunctions.rando
m.code.tex)
(/usr/local/texlive/2014/texmf-dist/tex/generic/pgf/math/pgfmathfunctions.compa
rison.code.tex)
(/usr/local/texlive/2014/texmf-dist/tex/generic/pgf/math/pgfmathfunctions.base.
code.tex)
(/usr/local/texlive/2014/texmf-dist/tex/generic/pgf/math/pgfmathfunctions.round
.code.tex)
(/usr/local/texlive/2014/texmf-dist/tex/generic/pgf/math/pgfmathfunctions.misc.
code.tex)
(/usr/local/texlive/2014/texmf-dist/tex/generic/pgf/math/pgfmathfunctions.integ
erarithmetics.code.tex)))
(/usr/local/texlive/2014/texmf-dist/tex/generic/pgf/math/pgfmathfloat.code.tex
\c@pgfmathroundto@lastzeros=\count121
))
(/usr/local/texlive/2014/texmf-dist/tex/generic/pgf/basiclayer/pgfcorepoints.co
de.tex
File: pgfcorepoints.code.tex 2013/10/07  (rcs-revision 1.27)
\pgf@picminx=\dimen138
\pgf@picmaxx=\dimen139
\pgf@picminy=\dimen140
\pgf@picmaxy=\dimen141
\pgf@pathminx=\dimen142
\pgf@pathmaxx=\dimen143
\pgf@pathminy=\dimen144
\pgf@pathmaxy=\dimen145
\pgf@xx=\dimen146
\pgf@xy=\dimen147
\pgf@yx=\dimen148
\pgf@yy=\dimen149
\pgf@zx=\dimen150
\pgf@zy=\dimen151
)
(/usr/local/texlive/2014/texmf-dist/tex/generic/pgf/basiclayer/pgfcorepathconst
ruct.code.tex
File: pgfcorepathconstruct.code.tex 2013/10/07  (rcs-revision 1.29)
\pgf@path@lastx=\dimen152
\pgf@path@lasty=\dimen153
)
(/usr/local/texlive/2014/texmf-dist/tex/generic/pgf/basiclayer/pgfcorepathusage
.code.tex
File: pgfcorepathusage.code.tex 2013/12/13  (rcs-revision 1.23)
\pgf@shorten@end@additional=\dimen154
\pgf@shorten@start@additional=\dimen155
)
(/usr/local/texlive/2014/texmf-dist/tex/generic/pgf/basiclayer/pgfcorescopes.co
de.tex
File: pgfcorescopes.code.tex 2013/10/09  (rcs-revision 1.44)
\pgfpic=\box58
\pgf@hbox=\box59
\pgf@layerbox@main=\box60
\pgf@picture@serial@count=\count122
)
(/usr/local/texlive/2014/texmf-dist/tex/generic/pgf/basiclayer/pgfcoregraphicst
ate.code.tex
File: pgfcoregraphicstate.code.tex 2013/09/19  (rcs-revision 1.11)
\pgflinewidth=\dimen156
)
(/usr/local/texlive/2014/texmf-dist/tex/generic/pgf/basiclayer/pgfcoretransform
ations.code.tex
File: pgfcoretransformations.code.tex 2013/10/10  (rcs-revision 1.17)
\pgf@pt@x=\dimen157
\pgf@pt@y=\dimen158
\pgf@pt@temp=\dimen159
)
(/usr/local/texlive/2014/texmf-dist/tex/generic/pgf/basiclayer/pgfcorequick.cod
e.tex
File: pgfcorequick.code.tex 2008/10/09  (rcs-revision 1.3)
)
(/usr/local/texlive/2014/texmf-dist/tex/generic/pgf/basiclayer/pgfcoreobjects.c
ode.tex
File: pgfcoreobjects.code.tex 2006/10/11  (rcs-revision 1.2)
)
(/usr/local/texlive/2014/texmf-dist/tex/generic/pgf/basiclayer/pgfcorepathproce
ssing.code.tex
File: pgfcorepathprocessing.code.tex 2013/09/09  (rcs-revision 1.9)
)
(/usr/local/texlive/2014/texmf-dist/tex/generic/pgf/basiclayer/pgfcorearrows.co
de.tex
File: pgfcorearrows.code.tex 2013/11/07  (rcs-revision 1.40)
\pgfarrowsep=\dimen160
)
(/usr/local/texlive/2014/texmf-dist/tex/generic/pgf/basiclayer/pgfcoreshade.cod
e.tex
File: pgfcoreshade.code.tex 2013/07/15  (rcs-revision 1.15)
\pgf@max=\dimen161
\pgf@sys@shading@range@num=\count123
)
(/usr/local/texlive/2014/texmf-dist/tex/generic/pgf/basiclayer/pgfcoreimage.cod
e.tex
File: pgfcoreimage.code.tex 2013/07/15  (rcs-revision 1.18)

(/usr/local/texlive/2014/texmf-dist/tex/generic/pgf/basiclayer/pgfcoreexternal.
code.tex
File: pgfcoreexternal.code.tex 2013/07/15  (rcs-revision 1.20)
\pgfexternal@startupbox=\box61
))
(/usr/local/texlive/2014/texmf-dist/tex/generic/pgf/basiclayer/pgfcorelayers.co
de.tex
File: pgfcorelayers.code.tex 2013/07/18  (rcs-revision 1.7)
)
(/usr/local/texlive/2014/texmf-dist/tex/generic/pgf/basiclayer/pgfcoretranspare
ncy.code.tex
File: pgfcoretransparency.code.tex 2013/09/30  (rcs-revision 1.5)
)
(/usr/local/texlive/2014/texmf-dist/tex/generic/pgf/basiclayer/pgfcorepatterns.
code.tex
File: pgfcorepatterns.code.tex 2013/11/07  (rcs-revision 1.5)
)))
(/usr/local/texlive/2014/texmf-dist/tex/generic/pgf/modules/pgfmoduleshapes.cod
e.tex
File: pgfmoduleshapes.code.tex 2013/10/31  (rcs-revision 1.34)
\pgfnodeparttextbox=\box62
)
(/usr/local/texlive/2014/texmf-dist/tex/generic/pgf/modules/pgfmoduleplot.code.
tex
File: pgfmoduleplot.code.tex 2013/07/31  (rcs-revision 1.12)
)
(/usr/local/texlive/2014/texmf-dist/tex/latex/pgf/compatibility/pgfcomp-version
-0-65.sty
Package: pgfcomp-version-0-65 2007/07/03 v3.0.0 (rcs-revision 1.7)
\pgf@nodesepstart=\dimen162
\pgf@nodesepend=\dimen163
)
(/usr/local/texlive/2014/texmf-dist/tex/latex/pgf/compatibility/pgfcomp-version
-1-18.sty
Package: pgfcomp-version-1-18 2007/07/23 v3.0.0 (rcs-revision 1.1)
))
(/usr/local/texlive/2014/texmf-dist/tex/latex/pgf/utilities/pgffor.sty
(/usr/local/texlive/2014/texmf-dist/tex/latex/pgf/utilities/pgfkeys.sty
(/usr/local/texlive/2014/texmf-dist/tex/generic/pgf/utilities/pgfkeys.code.tex)
) (/usr/local/texlive/2014/texmf-dist/tex/latex/pgf/math/pgfmath.sty
(/usr/local/texlive/2014/texmf-dist/tex/generic/pgf/math/pgfmath.code.tex))
(/usr/local/texlive/2014/texmf-dist/tex/generic/pgf/utilities/pgffor.code.tex
Package: pgffor 2013/12/13 v3.0.0 (rcs-revision 1.25)

(/usr/local/texlive/2014/texmf-dist/tex/generic/pgf/math/pgfmath.code.tex)
\pgffor@iter=\dimen164
\pgffor@skip=\dimen165
\pgffor@stack=\toks30
\pgffor@toks=\toks31
))
(/usr/local/texlive/2014/texmf-dist/tex/generic/pgf/frontendlayer/tikz/tikz.cod
e.tex
Package: tikz 2013/12/13 v3.0.0 (rcs-revision 1.142)

(/usr/local/texlive/2014/texmf-dist/tex/generic/pgf/libraries/pgflibraryplothan
dlers.code.tex
File: pgflibraryplothandlers.code.tex 2013/08/31 v3.0.0 (rcs-revision 1.20)
\pgf@plot@mark@count=\count124
\pgfplotmarksize=\dimen166
)
\tikz@lastx=\dimen167
\tikz@lasty=\dimen168
\tikz@lastxsaved=\dimen169
\tikz@lastysaved=\dimen170
\tikzleveldistance=\dimen171
\tikzsiblingdistance=\dimen172
\tikz@figbox=\box63
\tikz@figbox@bg=\box64
\tikz@tempbox=\box65
\tikz@tempbox@bg=\box66
\tikztreelevel=\count125
\tikznumberofchildren=\count126
\tikznumberofcurrentchild=\count127
\tikz@fig@count=\count128

(/usr/local/texlive/2014/texmf-dist/tex/generic/pgf/modules/pgfmodulematrix.cod
e.tex
File: pgfmodulematrix.code.tex 2013/09/17  (rcs-revision 1.8)
\pgfmatrixcurrentrow=\count129
\pgfmatrixcurrentcolumn=\count130
\pgf@matrix@numberofcolumns=\count131
)
\tikz@expandcount=\count132

(/usr/local/texlive/2014/texmf-dist/tex/generic/pgf/frontendlayer/tikz/librarie
s/tikzlibrarytopaths.code.tex
File: tikzlibrarytopaths.code.tex 2008/06/17 v3.0.0 (rcs-revision 1.2)
)))
(/usr/local/texlive/2014/texmf-dist/tex/generic/pgf/frontendlayer/tikz/librarie
s/tikzlibraryarrows.code.tex
File: tikzlibraryarrows.code.tex 2008/01/09 v3.0.0 (rcs-revision 1.1)

(/usr/local/texlive/2014/texmf-dist/tex/generic/pgf/libraries/pgflibraryarrows.
code.tex
File: pgflibraryarrows.code.tex 2013/09/23 v3.0.0 (rcs-revision 1.16)
\arrowsize=\dimen173
))
(/usr/local/texlive/2014/texmf-dist/tex/generic/pgf/frontendlayer/tikz/librarie
s/tikzlibraryshapes.code.tex
File: tikzlibraryshapes.code.tex 2008/01/09 v3.0.0 (rcs-revision 1.1)

(/usr/local/texlive/2014/texmf-dist/tex/generic/pgf/frontendlayer/tikz/librarie
s/tikzlibraryshapes.geometric.code.tex
File: tikzlibraryshapes.geometric.code.tex 2008/01/09 v3.0.0 (rcs-revision 1.1)


(/usr/local/texlive/2014/texmf-dist/tex/generic/pgf/libraries/shapes/pgflibrary
shapes.geometric.code.tex
File: pgflibraryshapes.geometric.code.tex 2008/06/26 v3.0.0 (rcs-revision 1.1)
))
(/usr/local/texlive/2014/texmf-dist/tex/generic/pgf/frontendlayer/tikz/librarie
s/tikzlibraryshapes.misc.code.tex
File: tikzlibraryshapes.misc.code.tex 2008/01/09 v3.0.0 (rcs-revision 1.1)

(/usr/local/texlive/2014/texmf-dist/tex/generic/pgf/libraries/shapes/pgflibrary
shapes.misc.code.tex
File: pgflibraryshapes.misc.code.tex 2013/07/18 v3.0.0 (rcs-revision 1.5)
))
(/usr/local/texlive/2014/texmf-dist/tex/generic/pgf/frontendlayer/tikz/librarie
s/tikzlibraryshapes.symbols.code.tex
File: tikzlibraryshapes.symbols.code.tex 2008/01/09 v3.0.0 (rcs-revision 1.1)

(/usr/local/texlive/2014/texmf-dist/tex/generic/pgf/libraries/shapes/pgflibrary
shapes.symbols.code.tex
File: pgflibraryshapes.symbols.code.tex 2013/09/11 v3.0.0 (rcs-revision 1.6)
))
(/usr/local/texlive/2014/texmf-dist/tex/generic/pgf/frontendlayer/tikz/librarie
s/tikzlibraryshapes.arrows.code.tex
File: tikzlibraryshapes.arrows.code.tex 2008/01/09 v3.0.0 (rcs-revision 1.1)

(/usr/local/texlive/2014/texmf-dist/tex/generic/pgf/libraries/shapes/pgflibrary
shapes.arrows.code.tex
File: pgflibraryshapes.arrows.code.tex 2008/06/26 v3.0.0 (rcs-revision 1.1)
))
(/usr/local/texlive/2014/texmf-dist/tex/generic/pgf/frontendlayer/tikz/librarie
s/tikzlibraryshapes.callouts.code.tex
(/usr/local/texlive/2014/texmf-dist/tex/generic/pgf/libraries/shapes/pgflibrary
shapes.callouts.code.tex))
(/usr/local/texlive/2014/texmf-dist/tex/generic/pgf/frontendlayer/tikz/librarie
s/tikzlibraryshapes.multipart.code.tex
File: tikzlibraryshapes.multipart.code.tex 2008/01/09 v3.0.0 (rcs-revision 1.1)


(/usr/local/texlive/2014/texmf-dist/tex/generic/pgf/libraries/shapes/pgflibrary
shapes.multipart.code.tex
File: pgflibraryshapes.multipart.code.tex 2010/01/07 v3.0.0 (rcs-revision 1.2)
\pgfnodepartlowerbox=\box67
\pgfnodeparttwobox=\box68
\pgfnodepartthreebox=\box69
\pgfnodepartfourbox=\box70
\pgfnodeparttwentybox=\box71
\pgfnodepartnineteenbox=\box72
\pgfnodeparteighteenbox=\box73
\pgfnodepartseventeenbox=\box74
\pgfnodepartsixteenbox=\box75
\pgfnodepartfifteenbox=\box76
\pgfnodepartfourteenbox=\box77
\pgfnodepartthirteenbox=\box78
\pgfnodeparttwelvebox=\box79
\pgfnodepartelevenbox=\box80
\pgfnodeparttenbox=\box81
\pgfnodepartninebox=\box82
\pgfnodeparteightbox=\box83
\pgfnodepartsevenbox=\box84
\pgfnodepartsixbox=\box85
\pgfnodepartfivebox=\box86
)))
(/usr/local/texlive/2014/texmf-dist/tex/generic/pgf/frontendlayer/tikz/librarie
s/tikzlibrarytrees.code.tex
File: tikzlibrarytrees.code.tex 2008/02/24 v3.0.0 (rcs-revision 1.2)
)
(/usr/local/texlive/2014/texmf-dist/tex/generic/pgf/frontendlayer/tikz/librarie
s/tikzlibrarypositioning.code.tex
File: tikzlibrarypositioning.code.tex 2008/10/06 v3.0.0 (rcs-revision 1.7)
)
(/usr/local/texlive/2014/texmf-dist/tex/latex/rotating/rotating.sty
Package: rotating 2009/03/28 v2.16a rotated objects in LaTeX

(/usr/local/texlive/2014/texmf-dist/tex/latex/base/ifthen.sty
Package: ifthen 2001/05/26 v1.1c Standard LaTeX ifthen package (DPC)
)
\c@r@tfl@t=\count133
\rotFPtop=\skip53
\rotFPbot=\skip54
\rot@float@box=\box87
\rot@mess@toks=\toks32
)
(./upenn_team_description2014.aux

LaTeX Warning: Label `fig:bodyfsm' multiply defined.


LaTeX Warning: Label `fig:headfsm' multiply defined.

)
\openout1 = `upenn_team_description2014.aux'.

LaTeX Font Info:    Checking defaults for OML/cmm/m/it on input line 34.
LaTeX Font Info:    ... okay on input line 34.
LaTeX Font Info:    Checking defaults for T1/cmr/m/n on input line 34.
LaTeX Font Info:    ... okay on input line 34.
LaTeX Font Info:    Checking defaults for OT1/cmr/m/n on input line 34.
LaTeX Font Info:    ... okay on input line 34.
LaTeX Font Info:    Checking defaults for OMS/cmsy/m/n on input line 34.
LaTeX Font Info:    ... okay on input line 34.
LaTeX Font Info:    Checking defaults for OMX/cmex/m/n on input line 34.
LaTeX Font Info:    ... okay on input line 34.
LaTeX Font Info:    Checking defaults for U/cmr/m/n on input line 34.
LaTeX Font Info:    ... okay on input line 34.
 (/usr/local/texlive/2014/texmf-dist/tex/context/base/supp-pdf.mkii
[Loading MPS to PDF converter (version 2006.09.02).]
\scratchcounter=\count134
\scratchdimen=\dimen174
\scratchbox=\box88
\nofMPsegments=\count135
\nofMParguments=\count136
\everyMPshowfont=\toks33
\MPscratchCnt=\count137
\MPscratchDim=\dimen175
\MPnumerator=\count138
\makeMPintoPDFobject=\count139
\everyMPtoPDFconversion=\toks34
) (/usr/local/texlive/2014/texmf-dist/tex/generic/oberdiek/pdftexcmds.sty
Package: pdftexcmds 2011/11/29 v0.20 Utility functions of pdfTeX for LuaTeX (HO
)

(/usr/local/texlive/2014/texmf-dist/tex/generic/oberdiek/ifluatex.sty
Package: ifluatex 2010/03/01 v1.3 Provides the ifluatex switch (HO)
Package ifluatex Info: LuaTeX not detected.
)
(/usr/local/texlive/2014/texmf-dist/tex/generic/oberdiek/ifpdf.sty
Package: ifpdf 2011/01/30 v2.3 Provides the ifpdf switch (HO)
Package ifpdf Info: pdfTeX in PDF mode is detected.
)
Package pdftexcmds Info: LuaTeX not detected.
Package pdftexcmds Info: \pdf@primitive is available.
Package pdftexcmds Info: \pdf@ifprimitive is available.
Package pdftexcmds Info: \pdfdraftmode found.
)
(/usr/local/texlive/2014/texmf-dist/tex/latex/oberdiek/epstopdf-base.sty
Package: epstopdf-base 2010/02/09 v2.5 Base part for package epstopdf

(/usr/local/texlive/2014/texmf-dist/tex/latex/oberdiek/grfext.sty
Package: grfext 2010/08/19 v1.1 Manage graphics extensions (HO)

(/usr/local/texlive/2014/texmf-dist/tex/generic/oberdiek/kvdefinekeys.sty
Package: kvdefinekeys 2011/04/07 v1.3 Define keys (HO)
))
(/usr/local/texlive/2014/texmf-dist/tex/latex/oberdiek/kvoptions.sty
Package: kvoptions 2011/06/30 v3.11 Key value format for package options (HO)

(/usr/local/texlive/2014/texmf-dist/tex/generic/oberdiek/kvsetkeys.sty
Package: kvsetkeys 2012/04/25 v1.16 Key value parser (HO)

(/usr/local/texlive/2014/texmf-dist/tex/generic/oberdiek/etexcmds.sty
Package: etexcmds 2011/02/16 v1.5 Avoid name clashes with e-TeX commands (HO)
Package etexcmds Info: Could not find \expanded.
(etexcmds)             That can mean that you are not using pdfTeX 1.50 or
(etexcmds)             that some package has redefined \expanded.
(etexcmds)             In the latter case, load this package earlier.
)))
Package grfext Info: Graphics extension search list:
(grfext)             [.png,.pdf,.jpg,.mps,.jpeg,.jbig2,.jb2,.PNG,.PDF,.JPG,.JPE
G,.JBIG2,.JB2,.eps]
(grfext)             \AppendGraphicsExtensions on input line 452.

(/usr/local/texlive/2014/texmf-dist/tex/latex/latexconfig/epstopdf-sys.cfg
File: epstopdf-sys.cfg 2010/07/13 v1.3 Configuration of (r)epstopdf for TeX Liv
e
))
Package caption Info: Begin \AtBeginDocument code.
Package caption Info: listings package is loaded.
Package caption Info: rotating package is loaded.
Package caption Info: End \AtBeginDocument code.
\c@lstlisting=\count140

ABD: EveryShipout initializing macros
Overfull \hbox (13.66736pt too wide) in paragraph at lines 39--40
\OT1/cmr/m/n/9 soccer-playing Nao robots de-vel-oped by Uni-ver-sity of Penn-sy
l-va-nia's Robocup
 []

[1

{/usr/local/texlive/2014/texmf-var/fonts/map/pdftex/updmap/pdftex.map}]
Package epstopdf Info: Source file: <figures/SoftArchOverview.eps>
(epstopdf)                    date: 2014-08-14 11:50:55
(epstopdf)                    size: 4150833 bytes
(epstopdf)             Output file: <figures/SoftArchOverview-eps-converted-to.
pdf>
(epstopdf)                    date: 2014-08-14 11:50:55
(epstopdf)                    size: 150552 bytes
(epstopdf)             Command: <repstopdf --outfile=figures/SoftArchOverview-e
ps-converted-to.pdf figures/SoftArchOverview.eps>
(epstopdf)             \includegraphics on input line 64.
Package epstopdf Info: Output file is already uptodate.

<figures/SoftArchOverview-eps-converted-to.pdf, id=15, 882.29625pt x 778.91pt>
File: figures/SoftArchOverview-eps-converted-to.pdf Graphic file (type pdf)

<use figures/SoftArchOverview-eps-converted-to.pdf>
Package pdftex.def Info: figures/SoftArchOverview-eps-converted-to.pdf used on 
input line 64.
(pdftex.def)             Requested size: 345.0pt x 304.56999pt.
 [2] [3 <./figures/SoftArchOverview-eps-converted-to.pdf>]
<figures/WalkOverView.png, id=27, 750.805pt x 506.89375pt>
File: figures/WalkOverView.png Graphic file (type png)

<use figures/WalkOverView.png>
Package pdftex.def Info: figures/WalkOverView.png used on input line 95.
(pdftex.def)             Requested size: 345.0pt x 232.92645pt.
 [4]
LaTeX Font Info:    External font `cmex10' loaded for size
(Font)              <7> on input line 104.
LaTeX Font Info:    External font `cmex10' loaded for size
(Font)              <5> on input line 104.
Package epstopdf Info: Source file: <figures/WalkFile.eps>
(epstopdf)                    date: 2014-08-14 11:50:55
(epstopdf)                    size: 545058 bytes
(epstopdf)             Output file: <figures/WalkFile-eps-converted-to.pdf>
(epstopdf)                    date: 2014-08-14 11:50:55
(epstopdf)                    size: 23497 bytes
(epstopdf)             Command: <repstopdf --outfile=figures/WalkFile-eps-conve
rted-to.pdf figures/WalkFile.eps>
(epstopdf)             \includegraphics on input line 112.
Package epstopdf Info: Output file is already uptodate.

<figures/WalkFile-eps-converted-to.pdf, id=31, 356.33125pt x 250.9375pt>
File: figures/WalkFile-eps-converted-to.pdf Graphic file (type pdf)

<use figures/WalkFile-eps-converted-to.pdf>
Package pdftex.def Info: figures/WalkFile-eps-converted-to.pdf used on input li
ne 112.
(pdftex.def)             Requested size: 207.0021pt x 145.77357pt.
 [5 <./figures/WalkOverView.png>]
Overfull \hbox (8.94807pt too wide) detected at line 147
\OML/cmm/m/it/10 x[]\OT1/cmr/m/n/10 (\OML/cmm/m/it/10 ^^^\OT1/cmr/m/n/10 ) = []

 []

[6 <./figures/WalkFile-eps-converted-to.pdf>]
Package epstopdf Info: Source file: <figures/ZMP.eps>
(epstopdf)                    date: 2014-08-22 11:26:56
(epstopdf)                    size: 11866 bytes
(epstopdf)             Output file: <figures/ZMP-eps-converted-to.pdf>
(epstopdf)                    date: 2014-08-22 11:26:56
(epstopdf)                    size: 8463 bytes
(epstopdf)             Command: <repstopdf --outfile=figures/ZMP-eps-converted-
to.pdf figures/ZMP.eps>
(epstopdf)             \includegraphics on input line 156.
Package epstopdf Info: Output file is already uptodate.

<figures/ZMP-eps-converted-to.pdf, id=48, 562.1pt x 421.575pt>
File: figures/ZMP-eps-converted-to.pdf Graphic file (type pdf)

<use figures/ZMP-eps-converted-to.pdf>
Package pdftex.def Info: figures/ZMP-eps-converted-to.pdf used on input line 15
6.
(pdftex.def)             Requested size: 345.0pt x 258.74924pt.
 [7 <./figures/ZMP-eps-converted-to.pdf>] [8] <figures/CogStructure.png, id=64,
 560.0925pt x 469.755pt>
File: figures/CogStructure.png Graphic file (type png)

<use figures/CogStructure.png>
Package pdftex.def Info: figures/CogStructure.png used on input line 222.
(pdftex.def)             Requested size: 345.0pt x 289.36711pt.
 [9]
LaTeX Font Info:    Try loading font information for OMS+cmr on input line 235.


(/usr/local/texlive/2014/texmf-dist/tex/latex/base/omscmr.fd
File: omscmr.fd 1999/05/25 v2.5h Standard LaTeX font definitions
)
LaTeX Font Info:    Font shape `OMS/cmr/m/n' in size <10> not available
(Font)              Font shape `OMS/cmsy/m/n' tried instead on input line 235.
 [10 <./figures/CogStructure.png>]
Package epstopdf Info: Source file: <figures/Unprocessed.eps>
(epstopdf)                    date: 2014-08-14 11:50:55
(epstopdf)                    size: 738076 bytes
(epstopdf)             Output file: <figures/Unprocessed-eps-converted-to.pdf>
(epstopdf)                    date: 2014-08-14 11:50:55
(epstopdf)                    size: 37075 bytes
(epstopdf)             Command: <repstopdf --outfile=figures/Unprocessed-eps-co
nverted-to.pdf figures/Unprocessed.eps>
(epstopdf)             \includegraphics on input line 251.
Package epstopdf Info: Output file is already uptodate.

<figures/Unprocessed-eps-converted-to.pdf, id=71, 187.70125pt x 148.555pt>
File: figures/Unprocessed-eps-converted-to.pdf Graphic file (type pdf)

<use figures/Unprocessed-eps-converted-to.pdf>
Package pdftex.def Info: figures/Unprocessed-eps-converted-to.pdf used on input
 line 251.
(pdftex.def)             Requested size: 207.0021pt x 163.84167pt.
Package epstopdf Info: Source file: <figures/Processed.eps>
(epstopdf)                    date: 2014-08-14 11:50:55
(epstopdf)                    size: 780151 bytes
(epstopdf)             Output file: <figures/Processed-eps-converted-to.pdf>
(epstopdf)                    date: 2014-08-14 11:50:55
(epstopdf)                    size: 22375 bytes
(epstopdf)             Command: <repstopdf --outfile=figures/Processed-eps-conv
erted-to.pdf figures/Processed.eps>
(epstopdf)             \includegraphics on input line 256.
Package epstopdf Info: Output file is already uptodate.

<figures/Processed-eps-converted-to.pdf, id=72, 193.72375pt x 152.57pt>
File: figures/Processed-eps-converted-to.pdf Graphic file (type pdf)

<use figures/Processed-eps-converted-to.pdf>
Package pdftex.def Info: figures/Processed-eps-converted-to.pdf used on input l
ine 256.
(pdftex.def)             Requested size: 137.9979pt x 108.68396pt.
Package epstopdf Info: Source file: <figures/LabelB.eps>
(epstopdf)                    date: 2014-08-14 11:50:55
(epstopdf)                    size: 993436 bytes
(epstopdf)             Output file: <figures/LabelB-eps-converted-to.pdf>
(epstopdf)                    date: 2014-08-22 11:48:45
(epstopdf)                    size: 10335 bytes
(epstopdf)             Command: <repstopdf --outfile=figures/LabelB-eps-convert
ed-to.pdf figures/LabelB.eps>
(epstopdf)             \includegraphics on input line 261.
Package epstopdf Info: Output file is already uptodate.

<figures/LabelB-eps-converted-to.pdf, id=73, 218.8175pt x 172.645pt>
File: figures/LabelB-eps-converted-to.pdf Graphic file (type pdf)

<use figures/LabelB-eps-converted-to.pdf>
Package pdftex.def Info: figures/LabelB-eps-converted-to.pdf used on input line
 261.
(pdftex.def)             Requested size: 137.9979pt x 108.88019pt.
 [11 <./figures/Unprocessed-eps-converted-to.pdf> <./figures/Processed-eps-conv
erted-to.pdf> <./figures/LabelB-eps-converted-to.pdf>]
Package epstopdf Info: Source file: <figures/Hough.eps>
(epstopdf)                    date: 2014-08-14 11:50:55
(epstopdf)                    size: 570032 bytes
(epstopdf)             Output file: <figures/Hough-eps-converted-to.pdf>
(epstopdf)                    date: 2014-08-14 11:50:55
(epstopdf)                    size: 45536 bytes
(epstopdf)             Command: <repstopdf --outfile=figures/Hough-eps-converte
d-to.pdf figures/Hough.eps>
(epstopdf)             \includegraphics on input line 279.
Package epstopdf Info: Output file is already uptodate.

<figures/Hough-eps-converted-to.pdf, id=87, 441.65pt x 172.645pt>
File: figures/Hough-eps-converted-to.pdf Graphic file (type pdf)

<use figures/Hough-eps-converted-to.pdf>
Package pdftex.def Info: figures/Hough-eps-converted-to.pdf used on input line 
279.
(pdftex.def)             Requested size: 276.00105pt x 107.89494pt.
 [12 <./figures/Hough-eps-converted-to.pdf>]
Package epstopdf Info: Source file: <figures/RaoBlackwell.eps>
(epstopdf)                    date: 2014-08-14 11:50:55
(epstopdf)                    size: 154364 bytes
(epstopdf)             Output file: <figures/RaoBlackwell-eps-converted-to.pdf>

(epstopdf)                    date: 2014-08-14 11:50:55
(epstopdf)                    size: 16200 bytes
(epstopdf)             Command: <repstopdf --outfile=figures/RaoBlackwell-eps-c
onverted-to.pdf figures/RaoBlackwell.eps>
(epstopdf)             \includegraphics on input line 308.
Package epstopdf Info: Output file is already uptodate.
 <figures/RaoBlackwell-eps-converted-to.pdf, id=94, 449.68pt x 357.335pt>
File: figures/RaoBlackwell-eps-converted-to.pdf Graphic file (type pdf)

<use figures/RaoBlackwell-eps-converted-to.pdf>
Package pdftex.def Info: figures/RaoBlackwell-eps-converted-to.pdf used on inpu
t line 308.
(pdftex.def)             Requested size: 207.0021pt x 164.49059pt.
 [13]
<figures/InitParticles.png, id=99, 418.56375pt x 294.09875pt>
File: figures/InitParticles.png Graphic file (type png)

<use figures/InitParticles.png>
Package pdftex.def Info: figures/InitParticles.png used on input line 320.
(pdftex.def)             Requested size: 207.0021pt x 145.44695pt.
 [14 <./figures/RaoBlackwell-eps-converted-to.pdf>]
Package epstopdf Info: Source file: <figures/Odometry.eps>
(epstopdf)                    date: 2014-08-14 11:50:55
(epstopdf)                    size: 1882778 bytes
(epstopdf)             Output file: <figures/Odometry-eps-converted-to.pdf>
(epstopdf)                    date: 2014-08-14 11:50:55
(epstopdf)                    size: 73159 bytes
(epstopdf)             Command: <repstopdf --outfile=figures/Odometry-eps-conve
rted-to.pdf figures/Odometry.eps>
(epstopdf)             \includegraphics on input line 330.
Package epstopdf Info: Output file is already uptodate.
 <figures/Odometry-eps-converted-to.pdf, id=111, 717.68124pt x 433.62pt>
File: figures/Odometry-eps-converted-to.pdf Graphic file (type pdf)

<use figures/Odometry-eps-converted-to.pdf>
Package pdftex.def Info: figures/Odometry-eps-converted-to.pdf used on input li
ne 330.
(pdftex.def)             Requested size: 207.0021pt x 125.06508pt.
 [15 <./figures/InitParticles.png> <./figures/Odometry-eps-converted-to.pdf>]
Package epstopdf Info: Source file: <figures/FocusedParticles.eps>
(epstopdf)                    date: 2014-08-14 11:50:55
(epstopdf)                    size: 748224 bytes
(epstopdf)             Output file: <figures/FocusedParticles-eps-converted-to.
pdf>
(epstopdf)                    date: 2014-08-14 11:50:55
(epstopdf)                    size: 5597 bytes
(epstopdf)             Command: <repstopdf --outfile=figures/FocusedParticles-e
ps-converted-to.pdf figures/FocusedParticles.eps>
(epstopdf)             \includegraphics on input line 341.
Package epstopdf Info: Output file is already uptodate.

<figures/FocusedParticles-eps-converted-to.pdf, id=118, 418.56375pt x 294.09875
pt>
File: figures/FocusedParticles-eps-converted-to.pdf Graphic file (type pdf)
 <use figures/FocusedParticles-eps-converted-to.pdf>
Package pdftex.def Info: figures/FocusedParticles-eps-converted-to.pdf used on 
input line 341.
(pdftex.def)             Requested size: 207.0021pt x 145.44695pt.
 [16 <./figures/FocusedParticles-eps-converted-to.pdf>]
<figures/Monitor.png, id=125, 1591.9475pt x 873.2625pt>
File: figures/Monitor.png Graphic file (type png)

<use figures/Monitor.png>
Package pdftex.def Info: figures/Monitor.png used on input line 369.
(pdftex.def)             Requested size: 345.0pt x 189.24016pt.
 [17 <./figures/Monitor.png>]
<figures/TopCamParams.png, id=129, 201.3924pt x 238.491pt>
File: figures/TopCamParams.png Graphic file (type png)

<use figures/TopCamParams.png>
Package pdftex.def Info: figures/TopCamParams.png used on input line 385.
(pdftex.def)             Requested size: 103.50105pt x 122.56767pt.

<figures/BottomCamParams.png, id=131, 204.765pt x 243.309pt>
File: figures/BottomCamParams.png Graphic file (type png)

<use figures/BottomCamParams.png>
Package pdftex.def Info: figures/BottomCamParams.png used on input line 390.
(pdftex.def)             Requested size: 103.50105pt x 122.98701pt.

<figures/ColorSelectionTool.png, id=132, 461.0826pt x 305.4612pt>
File: figures/ColorSelectionTool.png Graphic file (type png)

<use figures/ColorSelectionTool.png>
Package pdftex.def Info: figures/ColorSelectionTool.png used on input line 400.

(pdftex.def)             Requested size: 207.0021pt x 137.13466pt.
 [18 <./figures/TopCamParams.png> <./figures/BottomCamParams.png> <./figures/Co
lorSelectionTool.png>]
Package epstopdf Info: Source file: <figures/NewBodyFSM.eps>
(epstopdf)                    date: 2014-08-22 12:57:48
(epstopdf)                    size: 63544 bytes
(epstopdf)             Output file: <figures/NewBodyFSM-eps-converted-to.pdf>
(epstopdf)                    date: 2014-08-22 12:58:29
(epstopdf)                    size: 102702 bytes
(epstopdf)             Command: <repstopdf --outfile=figures/NewBodyFSM-eps-con
verted-to.pdf figures/NewBodyFSM.eps>
(epstopdf)             \includegraphics on input line 420.
Package epstopdf Info: Output file is already uptodate.

<figures/NewBodyFSM-eps-converted-to.pdf, id=139, 1176.395pt x 722.7pt>
File: figures/NewBodyFSM-eps-converted-to.pdf Graphic file (type pdf)

<use figures/NewBodyFSM-eps-converted-to.pdf>
Package pdftex.def Info: figures/NewBodyFSM-eps-converted-to.pdf used on input 
line 420.
(pdftex.def)             Requested size: 345.0pt x 211.93752pt.
 [19]
Underfull \hbox (badness 10000) in paragraph at lines 435--436
[]\OT1/cmr/m/n/10 Main body state;
 []


Underfull \hbox (badness 8132) in paragraph at lines 438--440
[]\OT1/cmr/m/n/10 Stops the robot com-
 []


Underfull \hbox (badness 10000) in paragraph at lines 440--441
[]\OT1/cmr/m/n/10 Commands the
 []

[20 <./figures/NewBodyFSM-eps-converted-to.pdf>]
Overfull \hbox (18.71921pt too wide) in paragraph at lines 485--486
\OT1/cmtt/m/n/10 ball if it is near to own goal post $\OMS/cmsy/m/n/10 !$ \OT1/
cmtt/m/n/10 Kick it away from the gaol post\OT1/cmr/m/n/10 . 
 []

Package epstopdf Info: Source file: <figures/Goalie-BodyFSM.eps>
(epstopdf)                    date: 2014-09-01 11:21:18
(epstopdf)                    size: 44828 bytes
(epstopdf)             Output file: <figures/Goalie-BodyFSM-eps-converted-to.pd
f>
(epstopdf)                    date: 2014-09-01 11:24:47
(epstopdf)                    size: 35374 bytes
(epstopdf)             Command: <repstopdf --outfile=figures/Goalie-BodyFSM-eps
-converted-to.pdf figures/Goalie-BodyFSM.eps>
(epstopdf)             \includegraphics on input line 489.
Package epstopdf Info: Output file is already uptodate.
<figures/Goalie-BodyFSM-eps-converted-to.pdf, id=153, 746.79pt x 439.6425pt>
File: figures/Goalie-BodyFSM-eps-converted-to.pdf Graphic file (type pdf)

<use figures/Goalie-BodyFSM-eps-converted-to.pdf>
Package pdftex.def Info: figures/Goalie-BodyFSM-eps-converted-to.pdf used on in
put line 489.
(pdftex.def)             Requested size: 345.0pt x 203.10338pt.
 [21 <./figures/Goalie-BodyFSM-eps-converted-to.pdf>]
Underfull \hbox (badness 10000) in paragraph at lines 505--506
[]\OT1/cmr/m/n/10 Main body
 []


Underfull \hbox (badness 8132) in paragraph at lines 508--509
[]\OT1/cmr/m/n/10 Stops the robot com-
 []


Underfull \hbox (badness 10000) in paragraph at lines 510--511
[]\OT1/cmr/m/n/10 Commands the
 []

Package epstopdf Info: Source file: <figures/HeadFSM.eps>
(epstopdf)                    date: 2014-08-14 11:50:55
(epstopdf)                    size: 907283 bytes
(epstopdf)             Output file: <figures/HeadFSM-eps-converted-to.pdf>
(epstopdf)                    date: 2014-08-14 11:50:55
(epstopdf)                    size: 45094 bytes
(epstopdf)             Command: <repstopdf --outfile=figures/HeadFSM-eps-conver
ted-to.pdf figures/HeadFSM.eps>
(epstopdf)             \includegraphics on input line 523.
Package epstopdf Info: Output file is already uptodate.
<figures/HeadFSM-eps-converted-to.pdf, id=160, 762.85pt x 587.19376pt>
File: figures/HeadFSM-eps-converted-to.pdf Graphic file (type pdf)

<use figures/HeadFSM-eps-converted-to.pdf>
Package pdftex.def Info: figures/HeadFSM-eps-converted-to.pdf used on input lin
e 523.
(pdftex.def)             Requested size: 276.00105pt x 212.44685pt.
 [22]
Underfull \hbox (badness 10000) in paragraph at lines 531--532
[]\OT1/cmr/m/n/10 During \OT1/cmr/m/it/10 bodyAp-proach\OT1/cmr/m/n/10 ,
 []


Underfull \hbox (badness 7888) in paragraph at lines 537--538
[]\OT1/cmr/m/n/10 Initial state af-ter the
 []


Underfull \hbox (badness 10000) in paragraph at lines 538--539
[]\OT1/cmr/m/n/10 Perform a gen-eral
 []

[23 <./figures/HeadFSM-eps-converted-to.pdf>] [24] [25]
(./upenn_team_description2014.aux)

LaTeX Warning: There were multiply-defined labels.

 ) 
Here is how much of TeX's memory you used:
 17036 strings out of 493117
 356937 string characters out of 6135433
 428831 words of memory out of 5000000
 20176 multiletter control sequences out of 15000+600000
 7224 words of font info for 26 fonts, out of 8000000 for 9000
 1141 hyphenation exceptions out of 8191
 55i,10n,72p,1126b,1036s stack positions out of 5000i,500n,10000p,200000b,80000s
</usr/local/texlive/2014/texmf-dist/fonts/type1/public/amsfonts/cm/cmbx10.pfb
></usr/local/texlive/2014/texmf-dist/fonts/type1/public/amsfonts/cm/cmbx12.pfb>
</usr/local/texlive/2014/texmf-dist/fonts/type1/public/amsfonts/cm/cmbx9.pfb></
usr/local/texlive/2014/texmf-dist/fonts/type1/public/amsfonts/cm/cmex10.pfb></u
sr/local/texlive/2014/texmf-dist/fonts/type1/public/amsfonts/cm/cmmi10.pfb></us
r/local/texlive/2014/texmf-dist/fonts/type1/public/amsfonts/cm/cmmi5.pfb></usr/
local/texlive/2014/texmf-dist/fonts/type1/public/amsfonts/cm/cmmi7.pfb></usr/lo
cal/texlive/2014/texmf-dist/fonts/type1/public/amsfonts/cm/cmr10.pfb></usr/loca
l/texlive/2014/texmf-dist/fonts/type1/public/amsfonts/cm/cmr12.pfb></usr/local/
texlive/2014/texmf-dist/fonts/type1/public/amsfonts/cm/cmr17.pfb></usr/local/te
xlive/2014/texmf-dist/fonts/type1/public/amsfonts/cm/cmr5.pfb></usr/local/texli
ve/2014/texmf-dist/fonts/type1/public/amsfonts/cm/cmr7.pfb></usr/local/texlive/
2014/texmf-dist/fonts/type1/public/amsfonts/cm/cmr8.pfb></usr/local/texlive/201
4/texmf-dist/fonts/type1/public/amsfonts/cm/cmr9.pfb></usr/local/texlive/2014/t
exmf-dist/fonts/type1/public/amsfonts/cm/cmsy10.pfb></usr/local/texlive/2014/te
xmf-dist/fonts/type1/public/amsfonts/cm/cmsy7.pfb></usr/local/texlive/2014/texm
f-dist/fonts/type1/public/amsfonts/cm/cmti10.pfb></usr/local/texlive/2014/texmf
-dist/fonts/type1/public/amsfonts/cm/cmti12.pfb></usr/local/texlive/2014/texmf-
dist/fonts/type1/public/amsfonts/cm/cmtt10.pfb>
Output written on upenn_team_description2014.pdf (25 pages, 2180100 bytes).
PDF statistics:
 238 PDF objects out of 1000 (max. 8388607)
 154 compressed objects within 2 object streams
 0 named destinations out of 1000 (max. 500000)
 119 words of extra memory for PDF output out of 10000 (max. 10000000)

